<?xml version="1.0" encoding="UTF-8"?>
<!-- Generated by org.testng.reporters.JUnitReportReporter -->
<testsuite hostname="DESKTOP-NIM5C5U" failures="0" tests="2" name="run.Runner" time="28.220" errors="0" timestamp="2024-10-21T01:42:45 EEST" skipped="0">
  <testcase classname="run.Runner" name="runScenario" time="21.801"/>
  <system-out/>
  <testcase classname="run.Runner" name="runScenario" time="6.419"/>
  <system-out/>
</testsuite> <!-- run.Runner -->
